<?xml version="1.0" encoding="UTF-8"?>
<!-- Generated by org.testng.reporters.JUnitReportReporter -->
<testsuite hostname="SERVER" failures="0" tests="12" name="com.testdriven.Features_Testng" time="69.361" errors="0" timestamp="2022-07-04T18:39:37 IST" skipped="1">
  <testcase classname="com.testdriven.Features_Testng" name="refresh" time="0.289"/>
  <system-out/>
  <testcase classname="com.testdriven.Features_Testng" name="refresh" time="0.792"/>
  <system-out/>
  <testcase classname="com.testdriven.Features_Testng" name="refresh" time="0.298"/>
  <system-out/>
  <testcase classname="com.testdriven.Features_Testng" name="validcredentials" time="9.126"/>
  <system-out/>
  <testcase classname="com.testdriven.Features_Testng" name="hotellocation" time="1.727"/>
  <system-out/>
  <testcase classname="com.testdriven.Features_Testng" name="hotels" time="0.191"/>
  <system-out/>
  <testcase classname="com.testdriven.Features_Testng" name="roomtype" time="0.389"/>
  <system-out/>
  <testcase classname="com.testdriven.Features_Testng" name="rooms" time="0.079"/>
  <system-out/>
  <testcase classname="com.testdriven.Features_Testng" name="inoutdate" time="44.827"/>
  <system-out/>
  <testcase classname="com.testdriven.Features_Testng" name="search" time="2.317"/>
  <system-out/>
  <testcase classname="com.testdriven.Features_Testng" name="selecthotel" time="9.326"/>
  <system-out/>
  <testcase classname="com.testdriven.Features_Testng" name="invalidpassword">
    <skipped/>
  </testcase> <!-- invalidpassword -->
  <system-out/>
</testsuite> <!-- com.testdriven.Features_Testng -->
