<?xml version="1.0" encoding="UTF-8"?>
<!-- Generated by org.testng.reporters.JUnitReportReporter -->
<testsuite hostname="SERVER" failures="0" tests="5" name="com.testdriven.Groups_Pgm" time="0.020" errors="0" timestamp="2022-06-29T12:57:55 IST" skipped="0">
  <testcase classname="com.testdriven.Groups_Pgm" name="cricket" time="0.002"/>
  <system-out/>
  <testcase classname="com.testdriven.Groups_Pgm" name="hockey" time="0.002"/>
  <system-out/>
  <testcase classname="com.testdriven.Groups_Pgm" name="chemistry" time="0.011"/>
  <system-out/>
  <testcase classname="com.testdriven.Groups_Pgm" name="football" time="0.002"/>
  <system-out/>
  <testcase classname="com.testdriven.Groups_Pgm" name="physics" time="0.003"/>
  <system-out/>
</testsuite> <!-- com.testdriven.Groups_Pgm -->
