<?xml version="1.0" encoding="UTF-8"?>
<!-- Generated by org.testng.reporters.JUnitReportReporter -->
<testsuite hostname="SERVER" failures="0" tests="1" name="com.testdriven.Expected_Exception" time="0.017" errors="0" timestamp="2022-07-04T11:59:42 IST" skipped="0">
  <testcase classname="com.testdriven.Expected_Exception" name="expectedexception" time="0.017"/>
  <system-out/>
</testsuite> <!-- com.testdriven.Expected_Exception -->
