<?xml version="1.0" encoding="UTF-8"?>
<!-- Generated by org.testng.reporters.JUnitReportReporter -->
<testsuite hostname="SERVER" failures="0" tests="2" name="com.testdriven.Cross_Browser" time="89.309" errors="0" timestamp="2022-07-04T18:24:54 IST" skipped="0">
  <testcase classname="com.testdriven.Cross_Browser" name="chrome" time="46.510"/>
  <system-out/>
  <testcase classname="com.testdriven.Cross_Browser" name="firefox" time="42.799"/>
  <system-out/>
</testsuite> <!-- com.testdriven.Cross_Browser -->
