<?xml version="1.0" encoding="UTF-8"?>
<!-- Generated by org.testng.reporters.JUnitReportReporter -->
<testsuite hostname="SERVER" failures="0" tests="3" name="com.testdriven.Login_Func" time="7.199" errors="0" timestamp="2022-06-29T13:21:59 IST" skipped="0">
  <testcase classname="com.testdriven.Login_Func" name="validcredentials" time="5.526"/>
  <system-out/>
  <testcase classname="com.testdriven.Login_Func" name="invalidusername" time="1.129"/>
  <system-out/>
  <testcase classname="com.testdriven.Login_Func" name="invalidpassword" time="0.544"/>
  <system-out/>
</testsuite> <!-- com.testdriven.Login_Func -->
