<?xml version="1.0" encoding="UTF-8"?>
<!-- Generated by org.testng.reporters.JUnitReportReporter -->
<testsuite hostname="SERVER" failures="0" tests="3" name="com.testdriven.Simple_Annotation" time="0.022" errors="0" timestamp="2022-06-27T17:03:15 IST" skipped="0">
  <testcase classname="com.testdriven.Simple_Annotation" name="men" time="0.009"/>
  <system-out/>
  <testcase classname="com.testdriven.Simple_Annotation" name="women" time="0.010"/>
  <system-out/>
  <testcase classname="com.testdriven.Simple_Annotation" name="child" time="0.003"/>
  <system-out/>
</testsuite> <!-- com.testdriven.Simple_Annotation -->
