<?xml version="1.0" encoding="UTF-8"?>
<!-- Generated by org.testng.reporters.JUnitReportReporter -->
<testsuite hostname="SERVER" failures="0" tests="2" name="com.testdriven.Parallell_Test" time="188.150" errors="0" timestamp="2022-07-04T12:04:02 IST" skipped="0">
  <testcase classname="com.testdriven.Parallell_Test" name="amazon" time="91.298"/>
  <system-out/>
  <testcase classname="com.testdriven.Parallell_Test" name="flipkart" time="96.852"/>
  <system-out/>
</testsuite> <!-- com.testdriven.Parallell_Test -->
