<?xml version="1.0" encoding="UTF-8"?>
<!-- Generated by org.testng.reporters.JUnitReportReporter -->
<testsuite hostname="SERVER" failures="0" tests="3" name="com.testdriven.DependenceOnMethods" time="0.026" errors="0" timestamp="2022-06-28T21:48:30 IST" skipped="0">
  <testcase classname="com.testdriven.DependenceOnMethods" name="laptopOffer" time="0.006"/>
  <system-out/>
  <testcase classname="com.testdriven.DependenceOnMethods" name="diwaliOffer" time="0.002"/>
  <system-out/>
  <testcase classname="com.testdriven.DependenceOnMethods" name="mobileOffer" time="0.018"/>
  <system-out/>
</testsuite> <!-- com.testdriven.DependenceOnMethods -->
