<?xml version="1.0" encoding="UTF-8"?>
<!-- Generated by org.testng.reporters.JUnitReportReporter -->
<testsuite hostname="SERVER" failures="0" tests="1" name="com.testdriven.Parameter_Annotation" time="41.288" errors="0" timestamp="2022-07-04T15:06:05 IST" skipped="0">
  <testcase classname="com.testdriven.Parameter_Annotation" name="credentials" time="41.288"/>
  <system-out/>
</testsuite> <!-- com.testdriven.Parameter_Annotation -->
