<?xml version="1.0" encoding="UTF-8"?>
<!-- Generated by org.testng.reporters.JUnitReportReporter -->
<testsuite hostname="SERVER" failures="0" tests="2" name="com.testdriven.Data_Provider" time="69.703" errors="0" timestamp="2022-07-04T15:28:13 IST" skipped="0">
  <testcase classname="com.testdriven.Data_Provider" name="credentials" time="26.312"/>
  <system-out/>
  <testcase classname="com.testdriven.Data_Provider" name="credentials" time="43.391"/>
  <system-out/>
</testsuite> <!-- com.testdriven.Data_Provider -->
